#
# There is insufficient memory for the Java Runtime Environment to continue.
# Native memory allocation (malloc) failed to allocate 608576 bytes. Error detail: Chunk::new
# Possible reasons:
#   The system is out of physical RAM or swap space
#   This process is running with CompressedOops enabled, and the Java Heap may be blocking the growth of the native heap
# Possible solutions:
#   Reduce memory load on the system
#   Increase physical memory or swap space
#   Check if swap backing store is full
#   Decrease Java heap size (-Xmx/-Xms)
#   Decrease number of Java threads
#   Decrease Java thread stack sizes (-Xss)
#   Set larger code cache with -XX:ReservedCodeCacheSize=
#   JVM is running with Unscaled Compressed Oops mode in which the Java heap is
#     placed in the first 4GB address space. The Java Heap base address is the
#     maximum limit for the native heap growth. Please use -XX:HeapBaseMinAddress
#     to set the Java Heap base and to place the Java Heap above 4GB virtual address.
# This output file may be truncated or incomplete.
#
#  Out of Memory Error (arena.cpp:168), pid=17912, tid=21280
#
# JRE version: OpenJDK Runtime Environment Temurin-21.0.8+9 (21.0.8+9) (build 21.0.8+9-LTS)
# Java VM: OpenJDK 64-Bit Server VM Temurin-21.0.8+9 (21.0.8+9-LTS, mixed mode, sharing, tiered, compressed oops, compressed class ptrs, parallel gc, windows-amd64)
# No core dump will be written. Minidumps are not enabled by default on client versions of Windows
#

---------------  S U M M A R Y ------------

Command Line: --add-modules=ALL-SYSTEM --add-opens=java.base/java.util=ALL-UNNAMED --add-opens=java.base/java.lang=ALL-UNNAMED --add-opens=java.base/sun.nio.fs=ALL-UNNAMED -Declipse.application=org.eclipse.jdt.ls.core.id1 -Dosgi.bundles.defaultStartLevel=4 -Declipse.product=org.eclipse.jdt.ls.core.product -Djava.import.generatesMetadataFilesAtProjectRoot=false -DDetectVMInstallationsJob.disabled=true -Dfile.encoding=utf8 -XX:+UseParallelGC -XX:GCTimeRatio=4 -XX:AdaptiveSizePolicyWeight=90 -Dsun.zip.disableMemoryMapping=true -Xmx2G -Xms100m -Xlog:disable -javaagent:c:\Users\avina\.vscode\extensions\redhat.java-1.47.0-win32-x64\lombok\lombok-1.18.39-4050.jar c:\Users\avina\.vscode\extensions\redhat.java-1.47.0-win32-x64\server\plugins\org.eclipse.equinox.launcher_1.7.100.v20251014-1222.jar -configuration c:\Users\avina\AppData\Roaming\Code\User\globalStorage\redhat.java\1.47.0\config_ss_win -data c:\Users\avina\AppData\Roaming\Code\User\workspaceStorage\f50f5c168c9ae6a1fae6612f1f3b35d5\redhat.java\ss_ws --pipe=\\.\pipe\lsp-3d91ce0bee2a68c29254484c3cd54aa2-sock

Host: AMD Ryzen 5 5600H with Radeon Graphics         , 12 cores, 15G,  Windows 11 , 64 bit Build 22621 (10.0.22621.5415)
Time: Sat Nov  8 14:34:54 2025 India Standard Time elapsed time: 1.906058 seconds (0d 0h 0m 1s)

---------------  T H R E A D  ---------------

Current thread (0x00000245dda22040):  JavaThread "C2 CompilerThread0" daemon [_thread_in_native, id=21280, stack(0x000000a129d00000,0x000000a129e00000) (1024K)]


Current CompileTask:
C2:1906 2528       4       java.lang.invoke.MethodType::makeImpl (109 bytes)

Stack: [0x000000a129d00000,0x000000a129e00000]
Native frames: (J=compiled Java code, j=interpreted, Vv=VM code, C=native code)
V  [jvm.dll+0x6d2449]
V  [jvm.dll+0x8ae341]
V  [jvm.dll+0x8b08be]
V  [jvm.dll+0x8b0fa3]
V  [jvm.dll+0x280c96]
V  [jvm.dll+0xc581d]
V  [jvm.dll+0xc5d53]
V  [jvm.dll+0x2f539d]
V  [jvm.dll+0x5fa00a]
V  [jvm.dll+0x252092]
V  [jvm.dll+0x24a56e]
V  [jvm.dll+0x2483a4]
V  [jvm.dll+0x1c89ee]
V  [jvm.dll+0x257d4d]
V  [jvm.dll+0x2562ea]
V  [jvm.dll+0x3f2d16]
V  [jvm.dll+0x857e6b]
V  [jvm.dll+0x6d0b0d]
C  [ucrtbase.dll+0x29333]
C  [KERNEL32.DLL+0x1259d]
C  [ntdll.dll+0x5af78]


---------------  P R O C E S S  ---------------

Threads class SMR info:
_java_thread_list=0x00000245fb42b220, length=13, elements={
0x00000245dda899f0, 0x00000245dda193c0, 0x00000245ddb3dc90, 0x00000245dda1ab20,
0x00000245dda1bde0, 0x00000245dda1ccf0, 0x00000245dda208c0, 0x00000245dda22040,
0x00000245dda24100, 0x00000245f5864a90, 0x00000245f5ab2d90, 0x00000245f5abad10,
0x00000245fb29a990
}

Java Threads: ( => current thread )
  0x00000245dda899f0 JavaThread "main"                              [_thread_blocked, id=25212, stack(0x000000a129300000,0x000000a129400000) (1024K)]
  0x00000245dda193c0 JavaThread "Reference Handler"          daemon [_thread_blocked, id=29176, stack(0x000000a129700000,0x000000a129800000) (1024K)]
  0x00000245ddb3dc90 JavaThread "Finalizer"                  daemon [_thread_blocked, id=31532, stack(0x000000a129800000,0x000000a129900000) (1024K)]
  0x00000245dda1ab20 JavaThread "Signal Dispatcher"          daemon [_thread_blocked, id=16464, stack(0x000000a129900000,0x000000a129a00000) (1024K)]
  0x00000245dda1bde0 JavaThread "Attach Listener"            daemon [_thread_blocked, id=11040, stack(0x000000a129a00000,0x000000a129b00000) (1024K)]
  0x00000245dda1ccf0 JavaThread "Service Thread"             daemon [_thread_blocked, id=26084, stack(0x000000a129b00000,0x000000a129c00000) (1024K)]
  0x00000245dda208c0 JavaThread "Monitor Deflation Thread"   daemon [_thread_blocked, id=22520, stack(0x000000a129c00000,0x000000a129d00000) (1024K)]
=>0x00000245dda22040 JavaThread "C2 CompilerThread0"         daemon [_thread_in_native, id=21280, stack(0x000000a129d00000,0x000000a129e00000) (1024K)]
  0x00000245dda24100 JavaThread "C1 CompilerThread0"         daemon [_thread_blocked, id=22636, stack(0x000000a129e00000,0x000000a129f00000) (1024K)]
  0x00000245f5864a90 JavaThread "Common-Cleaner"             daemon [_thread_blocked, id=27424, stack(0x000000a129f00000,0x000000a12a000000) (1024K)]
  0x00000245f5ab2d90 JavaThread "C2 CompilerThread1"         daemon [_thread_blocked, id=11636, stack(0x000000a12a000000,0x000000a12a100000) (1024K)]
  0x00000245f5abad10 JavaThread "Notification Thread"        daemon [_thread_blocked, id=21264, stack(0x000000a12a100000,0x000000a12a200000) (1024K)]
  0x00000245fb29a990 JavaThread "C2 CompilerThread2"         daemon [_thread_blocked, id=23472, stack(0x000000a12a200000,0x000000a12a300000) (1024K)]
Total: 13

Other Threads:
  0x00000245dda14530 VMThread "VM Thread"                           [id=1100, stack(0x000000a129600000,0x000000a129700000) (1024K)]
  0x00000245dd90ca00 WatcherThread "VM Periodic Task Thread"        [id=8136, stack(0x000000a129500000,0x000000a129600000) (1024K)]
  0x00000245ddaa8b90 WorkerThread "GC Thread#0"                     [id=12892, stack(0x000000a129400000,0x000000a129500000) (1024K)]
  0x00000245f6e32330 WorkerThread "GC Thread#1"                     [id=5812, stack(0x000000a12a300000,0x000000a12a400000) (1024K)]
  0x00000245f6bfff00 WorkerThread "GC Thread#2"                     [id=27792, stack(0x000000a12a400000,0x000000a12a500000) (1024K)]
  0x00000245f6c002a0 WorkerThread "GC Thread#3"                     [id=20080, stack(0x000000a12a500000,0x000000a12a600000) (1024K)]
  0x00000245f6c00640 WorkerThread "GC Thread#4"                     [id=32364, stack(0x000000a12a600000,0x000000a12a700000) (1024K)]
  0x00000245f6ad3990 WorkerThread "GC Thread#5"                     [id=7780, stack(0x000000a12a700000,0x000000a12a800000) (1024K)]
  0x00000245f6ad3d30 WorkerThread "GC Thread#6"                     [id=13836, stack(0x000000a12a800000,0x000000a12a900000) (1024K)]
  0x00000245f6bd9810 WorkerThread "GC Thread#7"                     [id=12476, stack(0x000000a12ac00000,0x000000a12ad00000) (1024K)]
  0x00000245fb2f7480 WorkerThread "GC Thread#8"                     [id=8620, stack(0x000000a12af00000,0x000000a12b000000) (1024K)]
  0x00000245fb2f69a0 WorkerThread "GC Thread#9"                     [id=22512, stack(0x000000a12b000000,0x000000a12b100000) (1024K)]
Total: 12

Threads with active compile tasks:
C2 CompilerThread0  1929 2528       4       java.lang.invoke.MethodType::makeImpl (109 bytes)
Total: 1

VM state: not at safepoint (normal execution)

VM Mutex/Monitor currently owned by a thread: None

OutOfMemory and StackOverflow Exception counts:
OutOfMemoryError java_heap_errors=1
LinkageErrors=55

Heap address: 0x0000000080000000, size: 2048 MB, Compressed Oops mode: 32-bit

CDS archive(s) mapped at: [0x0000024580000000-0x0000024580ba0000-0x0000024580ba0000), size 12189696, SharedBaseAddress: 0x0000024580000000, ArchiveRelocationMode: 1.
Compressed class space mapped at: 0x0000024581000000-0x00000245c1000000, reserved size: 1073741824
Narrow klass base: 0x0000024580000000, Narrow klass shift: 0, Narrow klass range: 0x100000000

GC Precious Log:
 CardTable entry size: 512
 CPUs: 12 total, 12 available
 Memory: 15724M
 Large Page Support: Disabled
 NUMA Support: Disabled
 Compressed Oops: Enabled (32-bit)
 Alignments: Space 512K, Generation 512K, Heap 2M
 Heap Min Capacity: 100M
 Heap Initial Capacity: 100M
 Heap Max Capacity: 2G
 Pre-touch: Disabled
 Parallel Workers: 10

Heap:
 PSYoungGen      total 29696K, used 19194K [0x00000000d5580000, 0x00000000d7680000, 0x0000000100000000)
  eden space 25600K, 59% used [0x00000000d5580000,0x00000000d64412a0,0x00000000d6e80000)
  from space 4096K, 99% used [0x00000000d6e80000,0x00000000d727d8e8,0x00000000d7280000)
  to   space 4096K, 0% used [0x00000000d7280000,0x00000000d7280000,0x00000000d7680000)
 ParOldGen       total 68608K, used 2757K [0x0000000080000000, 0x0000000084300000, 0x00000000d5580000)
  object space 68608K, 4% used [0x0000000080000000,0x00000000802b1720,0x0000000084300000)
 Metaspace       used 14938K, committed 15488K, reserved 1114112K
  class space    used 1571K, committed 1792K, reserved 1048576K

Card table byte_map: [0x00000245dd420000,0x00000245dd830000] _byte_map_base: 0x00000245dd020000

Marking Bits: (ParMarkBitMap*) 0x00007ff9978ba340
 Begin Bits: [0x00000245eff20000, 0x00000245f1f20000)
 End Bits:   [0x00000245f1f20000, 0x00000245f3f20000)

Polling page: 0x00000245db790000

Metaspace:

Usage:
  Non-class:     13.05 MB used.
      Class:      1.53 MB used.
       Both:     14.59 MB used.

Virtual space:
  Non-class space:       64.00 MB reserved,      13.38 MB ( 21%) committed,  1 nodes.
      Class space:        1.00 GB reserved,       1.75 MB ( <1%) committed,  1 nodes.
             Both:        1.06 GB reserved,      15.12 MB (  1%) committed. 

Chunk freelists:
   Non-Class:  1.86 MB
       Class:  14.25 MB
        Both:  16.11 MB

MaxMetaspaceSize: unlimited
CompressedClassSpaceSize: 1.00 GB
Initial GC threshold: 21.00 MB
Current GC threshold: 21.00 MB
CDS: on
 - commit_granule_bytes: 65536.
 - commit_granule_words: 8192.
 - virtual_space_node_default_size: 8388608.
 - enlarge_chunks_in_place: 1.
 - use_allocation_guard: 0.


Internal statistics:

num_allocs_failed_limit: 0.
num_arena_births: 456.
num_arena_deaths: 0.
num_vsnodes_births: 2.
num_vsnodes_deaths: 0.
num_space_committed: 242.
num_space_uncommitted: 0.
num_chunks_returned_to_freelist: 0.
num_chunks_taken_from_freelist: 982.
num_chunk_merges: 0.
num_chunk_splits: 625.
num_chunks_enlarged: 392.
num_inconsistent_stats: 0.

CodeHeap 'non-profiled nmethods': size=120000Kb used=1084Kb max_used=1084Kb free=118915Kb
 bounds [0x00000245e8740000, 0x00000245e89b0000, 0x00000245efc70000]
CodeHeap 'profiled nmethods': size=120000Kb used=4922Kb max_used=4922Kb free=115077Kb
 bounds [0x00000245e0c70000, 0x00000245e1140000, 0x00000245e81a0000]
CodeHeap 'non-nmethods': size=5760Kb used=1265Kb max_used=1293Kb free=4494Kb
 bounds [0x00000245e81a0000, 0x00000245e8410000, 0x00000245e8740000]
CodeCache: size=245760Kb, used=7271Kb, max_used=7299Kb, free=238486Kb
 total_blobs=3101, nmethods=2563, adapters=444, full_count=0
Compilation: enabled, stopped_count=0, restarted_count=0

Compilation events (20 events):
Event: 1.900 Thread 0x00000245dda24100 nmethod 2553 0x00000245e1139d10 code [0x00000245e1139f40, 0x00000245e113a698]
Event: 1.900 Thread 0x00000245dda24100 2555       3       java.util.concurrent.locks.ReentrantReadWriteLock$ReadLock::unlock (10 bytes)
Event: 1.901 Thread 0x00000245dda24100 nmethod 2555 0x00000245e113aa90 code [0x00000245e113ac60, 0x00000245e113af38]
Event: 1.901 Thread 0x00000245dda24100 2554       3       org.eclipse.osgi.container.Module::getStartLevel (9 bytes)
Event: 1.901 Thread 0x00000245dda24100 nmethod 2554 0x00000245e113b090 code [0x00000245e113b240, 0x00000245e113b390]
Event: 1.901 Thread 0x00000245dda24100 2556       3       java.lang.invoke.DirectMethodHandle$Holder::newInvokeSpecial (24 bytes)
Event: 1.901 Thread 0x00000245dda24100 nmethod 2556 0x00000245e113b410 code [0x00000245e113b600, 0x00000245e113bd88]
Event: 1.901 Thread 0x00000245dda24100 2557       3       java.util.concurrent.locks.ReentrantReadWriteLock$ReadLock::lock (9 bytes)
Event: 1.901 Thread 0x00000245dda24100 nmethod 2557 0x00000245e113bf90 code [0x00000245e113c140, 0x00000245e113c288]
Event: 1.901 Thread 0x00000245dda24100 2558       3       java.util.LinkedHashMap::keySet (5 bytes)
Event: 1.901 Thread 0x00000245dda24100 nmethod 2558 0x00000245e113c390 code [0x00000245e113c540, 0x00000245e113c698]
Event: 1.901 Thread 0x00000245dda24100 2559       3       java.lang.invoke.InnerClassLambdaMetafactory::getLoadOpcode (26 bytes)
Event: 1.902 Thread 0x00000245dda24100 nmethod 2559 0x00000245e113c790 code [0x00000245e113c960, 0x00000245e113cb70]
Event: 1.902 Thread 0x00000245dda24100 2560       3       java.lang.invoke.InnerClassLambdaMetafactory::getParameterSize (27 bytes)
Event: 1.902 Thread 0x00000245dda24100 nmethod 2560 0x00000245e113cc90 code [0x00000245e113ce40, 0x00000245e113d038]
Event: 1.903 Thread 0x00000245dda24100 2561       1       org.eclipse.osgi.internal.serviceregistry.ServiceUse::getLock (5 bytes)
Event: 1.903 Thread 0x00000245dda24100 nmethod 2561 0x00000245e884e890 code [0x00000245e884ea20, 0x00000245e884eae8]
Event: 1.903 Thread 0x00000245dda24100 2562       3       java.util.EventObject::<init> (24 bytes)
Event: 1.903 Thread 0x00000245dda24100 nmethod 2562 0x00000245e113d110 code [0x00000245e113d2c0, 0x00000245e113d540]
Event: 1.904 Thread 0x00000245dda24100 2563       1       org.eclipse.osgi.container.Module::getRevisions (5 bytes)

GC Heap History (6 events):
Event: 0.663 GC heap before
{Heap before GC invocations=1 (full 0):
 PSYoungGen      total 29696K, used 25600K [0x00000000d5580000, 0x00000000d7680000, 0x0000000100000000)
  eden space 25600K, 100% used [0x00000000d5580000,0x00000000d6e80000,0x00000000d6e80000)
  from space 4096K, 0% used [0x00000000d7280000,0x00000000d7280000,0x00000000d7680000)
  to   space 4096K, 0% used [0x00000000d6e80000,0x00000000d6e80000,0x00000000d7280000)
 ParOldGen       total 68608K, used 0K [0x0000000080000000, 0x0000000084300000, 0x00000000d5580000)
  object space 68608K, 0% used [0x0000000080000000,0x0000000080000000,0x0000000084300000)
 Metaspace       used 4324K, committed 4544K, reserved 1114112K
  class space    used 472K, committed 576K, reserved 1048576K
}
Event: 0.668 GC heap after
{Heap after GC invocations=1 (full 0):
 PSYoungGen      total 29696K, used 3296K [0x00000000d5580000, 0x00000000d7680000, 0x0000000100000000)
  eden space 25600K, 0% used [0x00000000d5580000,0x00000000d5580000,0x00000000d6e80000)
  from space 4096K, 80% used [0x00000000d6e80000,0x00000000d71b8138,0x00000000d7280000)
  to   space 4096K, 0% used [0x00000000d7280000,0x00000000d7280000,0x00000000d7680000)
 ParOldGen       total 68608K, used 16K [0x0000000080000000, 0x0000000084300000, 0x00000000d5580000)
  object space 68608K, 0% used [0x0000000080000000,0x0000000080004000,0x0000000084300000)
 Metaspace       used 4324K, committed 4544K, reserved 1114112K
  class space    used 472K, committed 576K, reserved 1048576K
}
Event: 1.183 GC heap before
{Heap before GC invocations=2 (full 0):
 PSYoungGen      total 29696K, used 28896K [0x00000000d5580000, 0x00000000d7680000, 0x0000000100000000)
  eden space 25600K, 100% used [0x00000000d5580000,0x00000000d6e80000,0x00000000d6e80000)
  from space 4096K, 80% used [0x00000000d6e80000,0x00000000d71b8138,0x00000000d7280000)
  to   space 4096K, 0% used [0x00000000d7280000,0x00000000d7280000,0x00000000d7680000)
 ParOldGen       total 68608K, used 16K [0x0000000080000000, 0x0000000084300000, 0x00000000d5580000)
  object space 68608K, 0% used [0x0000000080000000,0x0000000080004000,0x0000000084300000)
 Metaspace       used 8217K, committed 8512K, reserved 1114112K
  class space    used 877K, committed 1024K, reserved 1048576K
}
Event: 1.188 GC heap after
{Heap after GC invocations=2 (full 0):
 PSYoungGen      total 29696K, used 4075K [0x00000000d5580000, 0x00000000d7680000, 0x0000000100000000)
  eden space 25600K, 0% used [0x00000000d5580000,0x00000000d5580000,0x00000000d6e80000)
  from space 4096K, 99% used [0x00000000d7280000,0x00000000d767aff8,0x00000000d7680000)
  to   space 4096K, 0% used [0x00000000d6e80000,0x00000000d6e80000,0x00000000d7280000)
 ParOldGen       total 68608K, used 911K [0x0000000080000000, 0x0000000084300000, 0x00000000d5580000)
  object space 68608K, 1% used [0x0000000080000000,0x00000000800e3ea8,0x0000000084300000)
 Metaspace       used 8217K, committed 8512K, reserved 1114112K
  class space    used 877K, committed 1024K, reserved 1048576K
}
Event: 1.630 GC heap before
{Heap before GC invocations=3 (full 0):
 PSYoungGen      total 29696K, used 29675K [0x00000000d5580000, 0x00000000d7680000, 0x0000000100000000)
  eden space 25600K, 100% used [0x00000000d5580000,0x00000000d6e80000,0x00000000d6e80000)
  from space 4096K, 99% used [0x00000000d7280000,0x00000000d767aff8,0x00000000d7680000)
  to   space 4096K, 0% used [0x00000000d6e80000,0x00000000d6e80000,0x00000000d7280000)
 ParOldGen       total 68608K, used 911K [0x0000000080000000, 0x0000000084300000, 0x00000000d5580000)
  object space 68608K, 1% used [0x0000000080000000,0x00000000800e3ea8,0x0000000084300000)
 Metaspace       used 12978K, committed 13568K, reserved 1114112K
  class space    used 1381K, committed 1664K, reserved 1048576K
}
Event: 1.635 GC heap after
{Heap after GC invocations=3 (full 0):
 PSYoungGen      total 29696K, used 4086K [0x00000000d5580000, 0x00000000d7680000, 0x0000000100000000)
  eden space 25600K, 0% used [0x00000000d5580000,0x00000000d5580000,0x00000000d6e80000)
  from space 4096K, 99% used [0x00000000d6e80000,0x00000000d727d8e8,0x00000000d7280000)
  to   space 4096K, 0% used [0x00000000d7280000,0x00000000d7280000,0x00000000d7680000)
 ParOldGen       total 68608K, used 2757K [0x0000000080000000, 0x0000000084300000, 0x00000000d5580000)
  object space 68608K, 4% used [0x0000000080000000,0x00000000802b1720,0x0000000084300000)
 Metaspace       used 12978K, committed 13568K, reserved 1114112K
  class space    used 1381K, committed 1664K, reserved 1048576K
}

Dll operation events (9 events):
Event: 0.012 Loaded shared library c:\Users\avina\.vscode\extensions\redhat.java-1.47.0-win32-x64\jre\21.0.8-win32-x86_64\bin\java.dll
Event: 0.093 Loaded shared library c:\Users\avina\.vscode\extensions\redhat.java-1.47.0-win32-x64\jre\21.0.8-win32-x86_64\bin\zip.dll
Event: 0.118 Loaded shared library C:\Users\avina\.vscode\extensions\redhat.java-1.47.0-win32-x64\jre\21.0.8-win32-x86_64\bin\instrument.dll
Event: 0.146 Loaded shared library C:\Users\avina\.vscode\extensions\redhat.java-1.47.0-win32-x64\jre\21.0.8-win32-x86_64\bin\net.dll
Event: 0.148 Loaded shared library C:\Users\avina\.vscode\extensions\redhat.java-1.47.0-win32-x64\jre\21.0.8-win32-x86_64\bin\nio.dll
Event: 0.152 Loaded shared library C:\Users\avina\.vscode\extensions\redhat.java-1.47.0-win32-x64\jre\21.0.8-win32-x86_64\bin\zip.dll
Event: 0.172 Loaded shared library C:\Users\avina\.vscode\extensions\redhat.java-1.47.0-win32-x64\jre\21.0.8-win32-x86_64\bin\jimage.dll
Event: 0.241 Loaded shared library c:\Users\avina\.vscode\extensions\redhat.java-1.47.0-win32-x64\jre\21.0.8-win32-x86_64\bin\verify.dll
Event: 1.147 Loaded shared library C:\Users\avina\AppData\Roaming\Code\User\globalStorage\redhat.java\1.47.0\config_ss_win\org.eclipse.equinox.launcher\org.eclipse.equinox.launcher.win32.win32.x86_64_1.2.1400.v20250801-0854\eclipse_11916.dll

Deoptimization events (20 events):
Event: 1.682 Thread 0x00000245fb1d8f90 DEOPT PACKING pc=0x00000245e882973c sp=0x000000a12abf7850
Event: 1.682 Thread 0x00000245fb1d8f90 DEOPT UNPACKING pc=0x00000245e81f3aa2 sp=0x000000a12abf7840 mode 2
Event: 1.710 Thread 0x00000245fb1d8f90 Uncommon trap: trap_request=0xffffff45 fr.pc=0x00000245e877b9f4 relative=0x0000000000000054
Event: 1.710 Thread 0x00000245fb1d8f90 Uncommon trap: reason=unstable_if action=reinterpret pc=0x00000245e877b9f4 method=java.lang.CharacterData.of(I)Ljava/lang/CharacterData; @ 4 c2
Event: 1.710 Thread 0x00000245fb1d8f90 DEOPT PACKING pc=0x00000245e877b9f4 sp=0x000000a12abf8d60
Event: 1.710 Thread 0x00000245fb1d8f90 DEOPT UNPACKING pc=0x00000245e81f3aa2 sp=0x000000a12abf8cf8 mode 2
Event: 1.794 Thread 0x00000245fb1d8f90 DEOPT PACKING pc=0x00000245e0d989a6 sp=0x000000a12abf9160
Event: 1.794 Thread 0x00000245fb1d8f90 DEOPT UNPACKING pc=0x00000245e81f4242 sp=0x000000a12abf8658 mode 0
Event: 1.805 Thread 0x00000245fb1d8f90 Uncommon trap: trap_request=0xffffff45 fr.pc=0x00000245e88323d8 relative=0x0000000000000698
Event: 1.805 Thread 0x00000245fb1d8f90 Uncommon trap: reason=unstable_if action=reinterpret pc=0x00000245e88323d8 method=java.util.regex.Matcher.search(I)Z @ 30 c2
Event: 1.805 Thread 0x00000245fb1d8f90 DEOPT PACKING pc=0x00000245e88323d8 sp=0x000000a12abf95b0
Event: 1.805 Thread 0x00000245fb1d8f90 DEOPT UNPACKING pc=0x00000245e81f3aa2 sp=0x000000a12abf9590 mode 2
Event: 1.813 Thread 0x00000245fb1d8f90 DEOPT PACKING pc=0x00000245e1026dd6 sp=0x000000a12abf8e40
Event: 1.813 Thread 0x00000245fb1d8f90 DEOPT UNPACKING pc=0x00000245e81f4242 sp=0x000000a12abf8350 mode 0
Event: 1.824 Thread 0x00000245fb1d8f90 DEOPT PACKING pc=0x00000245e1026db5 sp=0x000000a12abf8d10
Event: 1.824 Thread 0x00000245fb1d8f90 DEOPT UNPACKING pc=0x00000245e81f4242 sp=0x000000a12abf8220 mode 0
Event: 1.901 Thread 0x00000245fb0c4a10 Uncommon trap: trap_request=0xffffff45 fr.pc=0x00000245e87742c4 relative=0x00000000000002a4
Event: 1.901 Thread 0x00000245fb0c4a10 Uncommon trap: reason=unstable_if action=reinterpret pc=0x00000245e87742c4 method=java.util.HashMap$HashIterator.<init>(Ljava/util/HashMap;)V @ 45 c2
Event: 1.901 Thread 0x00000245fb0c4a10 DEOPT PACKING pc=0x00000245e87742c4 sp=0x000000a12b2fe0d0
Event: 1.901 Thread 0x00000245fb0c4a10 DEOPT UNPACKING pc=0x00000245e81f3aa2 sp=0x000000a12b2fe078 mode 2

Classes loaded (20 events):
Event: 1.771 Loading class java/lang/ThreadDeath
Event: 1.771 Loading class java/lang/ThreadDeath done
Event: 1.779 Loading class java/util/stream/SortedOps$SizedRefSortingSink
Event: 1.779 Loading class java/util/stream/SortedOps$SizedRefSortingSink done
Event: 1.803 Loading class java/lang/StackTraceElement$HashedModules
Event: 1.803 Loading class java/lang/StackTraceElement$HashedModules done
Event: 1.804 Loading class sun/nio/cs/UTF_8$Encoder
Event: 1.804 Loading class sun/nio/cs/UTF_8$Encoder done
Event: 1.830 Loading class java/io/PrintWriter
Event: 1.830 Loading class java/io/PrintWriter done
Event: 1.831 Loading class java/io/PrintWriter$1
Event: 1.831 Loading class jdk/internal/access/JavaIOPrintWriterAccess
Event: 1.831 Loading class jdk/internal/access/JavaIOPrintWriterAccess done
Event: 1.831 Loading class java/io/PrintWriter$1 done
Event: 1.831 Loading class java/lang/Throwable$WrappedPrintWriter
Event: 1.831 Loading class java/lang/Throwable$PrintStreamOrWriter
Event: 1.831 Loading class java/lang/Throwable$PrintStreamOrWriter done
Event: 1.831 Loading class java/lang/Throwable$WrappedPrintWriter done
Event: 1.834 Loading class java/io/FileOutputStream$1
Event: 1.835 Loading class java/io/FileOutputStream$1 done

Classes unloaded (0 events):
No events

Classes redefined (0 events):
No events

Internal exceptions (20 events):
Event: 1.769 Thread 0x00000245fb1d8f90 Exception <a 'java/lang/NoSuchMethodError'{0x00000000d5daca40}: 'java.lang.Object java.lang.invoke.DirectMethodHandle$Holder.invokeSpecial(java.lang.Object, java.lang.Object, java.lang.Object, long, java.lang.Object)'> (0x00000000d5daca40) 
thrown [s\src\hotspot\share\interpreter\linkResolver.cpp, line 773]
Event: 1.770 Thread 0x00000245fb1d8f90 Exception <a 'java/lang/NoSuchMethodError'{0x00000000d5db4288}: 'java.lang.Object java.lang.invoke.DirectMethodHandle$Holder.newInvokeSpecial(java.lang.Object, java.lang.Object, java.lang.Object, long)'> (0x00000000d5db4288) 
thrown [s\src\hotspot\share\interpreter\linkResolver.cpp, line 773]
Event: 1.770 Thread 0x00000245fb1d8f90 Exception <a 'java/lang/NoSuchMethodError'{0x00000000d5db8678}: 'java.lang.Object java.lang.invoke.DirectMethodHandle$Holder.invokeSpecial(java.lang.Object, java.lang.Object, java.lang.Object, java.lang.Object, long)'> (0x00000000d5db8678) 
thrown [s\src\hotspot\share\interpreter\linkResolver.cpp, line 773]
Event: 1.770 Thread 0x00000245fb1d8f90 Exception <a 'java/lang/NoSuchMethodError'{0x00000000d5dbc298}: 'java.lang.Object java.lang.invoke.Invokers$Holder.linkToTargetMethod(java.lang.Object, java.lang.Object, long, java.lang.Object)'> (0x00000000d5dbc298) 
thrown [s\src\hotspot\share\interpreter\linkResolver.cpp, line 773]
Event: 1.777 Thread 0x00000245fb1d8f90 Exception <a 'java/lang/NoSuchMethodError'{0x00000000d5e2e268}: 'int java.lang.invoke.DirectMethodHandle$Holder.invokeStaticInit(java.lang.Object, java.lang.Object, java.lang.Object)'> (0x00000000d5e2e268) 
thrown [s\src\hotspot\share\interpreter\linkResolver.cpp, line 773]
Event: 1.789 Thread 0x00000245fb1d8f90 Exception <a 'java/lang/IncompatibleClassChangeError'{0x00000000d5ebdbf0}: Found class java.lang.Object, but interface was expected> (0x00000000d5ebdbf0) 
thrown [s\src\hotspot\share\interpreter\linkResolver.cpp, line 840]
Event: 1.789 Thread 0x00000245fb1d8f90 Exception <a 'java/lang/NoSuchMethodError'{0x00000000d5ec1738}: 'java.lang.Object java.lang.invoke.DirectMethodHandle$Holder.invokeSpecial(java.lang.Object, java.lang.Object, java.lang.Object, int, java.lang.Object, java.lang.Object)'> (0x00000000d5ec1738) 
thrown [s\src\hotspot\share\interpreter\linkResolver.cpp, line 773]
Event: 1.790 Thread 0x00000245fb1d8f90 Exception <a 'java/lang/NoSuchMethodError'{0x00000000d5ed7288}: 'java.lang.Object java.lang.invoke.DirectMethodHandle$Holder.newInvokeSpecial(java.lang.Object, java.lang.Object, java.lang.Object, int, java.lang.Object)'> (0x00000000d5ed7288) 
thrown [s\src\hotspot\share\interpreter\linkResolver.cpp, line 773]
Event: 1.790 Thread 0x00000245fb1d8f90 Exception <a 'java/lang/NoSuchMethodError'{0x00000000d5edb248}: 'java.lang.Object java.lang.invoke.DirectMethodHandle$Holder.invokeSpecial(java.lang.Object, java.lang.Object, java.lang.Object, java.lang.Object, int, java.lang.Object)'> (0x00000000d5edb248) 
thrown [s\src\hotspot\share\interpreter\linkResolver.cpp, line 773]
Event: 1.790 Thread 0x00000245fb1d8f90 Exception <a 'java/lang/NoSuchMethodError'{0x00000000d5eded88}: 'java.lang.Object java.lang.invoke.Invokers$Holder.linkToTargetMethod(java.lang.Object, java.lang.Object, int, java.lang.Object, java.lang.Object)'> (0x00000000d5eded88) 
thrown [s\src\hotspot\share\interpreter\linkResolver.cpp, line 773]
Event: 1.791 Thread 0x00000245fb4af6a0 Exception <a 'java/lang/NoSuchMethodError'{0x00000000d5dfbd40}: 'java.lang.Object java.lang.invoke.DirectMethodHandle$Holder.invokeSpecial(java.lang.Object, java.lang.Object, int, java.lang.Object, java.lang.Object)'> (0x00000000d5dfbd40) 
thrown [s\src\hotspot\share\interpreter\linkResolver.cpp, line 773]
Event: 1.792 Thread 0x00000245fb4af6a0 Exception <a 'java/lang/NoSuchMethodError'{0x00000000d5e02a78}: 'java.lang.Object java.lang.invoke.DirectMethodHandle$Holder.newInvokeSpecial(java.lang.Object, java.lang.Object, int, java.lang.Object)'> (0x00000000d5e02a78) 
thrown [s\src\hotspot\share\interpreter\linkResolver.cpp, line 773]
Event: 1.792 Thread 0x00000245fb1d8f90 Exception <a 'java/lang/OutOfMemoryError'{0x00000000d5eeb810}: unable to create native thread: possibly out of memory or process/resource limits reached> (0x00000000d5eeb810) 
thrown [s\src\hotspot\share\prims\jvm.cpp, line 3013]
Event: 1.792 Thread 0x00000245fb4af6a0 Exception <a 'java/lang/NoSuchMethodError'{0x00000000d5e06398}: 'java.lang.Object java.lang.invoke.DirectMethodHandle$Holder.invokeSpecial(java.lang.Object, java.lang.Object, java.lang.Object, int, java.lang.Object)'> (0x00000000d5e06398) 
thrown [s\src\hotspot\share\interpreter\linkResolver.cpp, line 773]
Event: 1.835 Thread 0x00000245fb1d8f90 Exception <a 'java/lang/NoClassDefFoundError'{0x00000000d60f3f60}: org/eclipse/jdt/ls/core/internal/managers/ProjectsManager> (0x00000000d60f3f60) 
thrown [s\src\hotspot\share\classfile\systemDictionary.cpp, line 301]
Event: 1.836 Thread 0x00000245fb4af6a0 Exception <a 'java/lang/NoClassDefFoundError'{0x00000000d610f278}: org/eclipse/core/internal/resources/Rules> (0x00000000d610f278) 
thrown [s\src\hotspot\share\classfile\systemDictionary.cpp, line 301]
Event: 1.837 Thread 0x00000245fb4af6a0 Exception <a 'java/lang/NoClassDefFoundError'{0x00000000d610f928}: org/eclipse/core/internal/events/ResourceChangeEvent> (0x00000000d610f928) 
thrown [s\src\hotspot\share\classfile\systemDictionary.cpp, line 301]
Event: 1.853 Thread 0x00000245dda899f0 Exception <a 'java/lang/NoClassDefFoundError'{0x00000000d61a8820}: org/eclipse/core/resources/IWorkspaceRunnable> (0x00000000d61a8820) 
thrown [s\src\hotspot\share\classfile\systemDictionary.cpp, line 301]
Event: 1.856 Thread 0x00000245dda899f0 Exception <a 'java/lang/NoClassDefFoundError'{0x00000000d6231ec0}: org/eclipse/jdt/core/WorkingCopyOwner> (0x00000000d6231ec0) 
thrown [s\src\hotspot\share\classfile\systemDictionary.cpp, line 301]
Event: 1.892 Thread 0x00000245fb0c4a10 Exception <a 'java/lang/NoSuchMethodError'{0x00000000d63e6248}: 'void java.lang.invoke.DirectMethodHandle$Holder.invokeStaticInit(java.lang.Object, java.lang.Object, java.lang.Object)'> (0x00000000d63e6248) 
thrown [s\src\hotspot\share\interpreter\linkResolver.cpp, line 773]

ZGC Phase Switch (0 events):
No events

VM Operations (20 events):
Event: 1.032 Executing VM operation: HandshakeAllThreads (Deoptimize)
Event: 1.032 Executing VM operation: HandshakeAllThreads (Deoptimize) done
Event: 1.181 Executing VM operation: ICBufferFull
Event: 1.181 Executing VM operation: ICBufferFull done
Event: 1.183 Executing VM operation: ParallelGCFailedAllocation (Allocation Failure)
Event: 1.188 Executing VM operation: ParallelGCFailedAllocation (Allocation Failure) done
Event: 1.309 Executing VM operation: HandshakeAllThreads (Deoptimize)
Event: 1.309 Executing VM operation: HandshakeAllThreads (Deoptimize) done
Event: 1.502 Executing VM operation: HandshakeAllThreads (Deoptimize)
Event: 1.502 Executing VM operation: HandshakeAllThreads (Deoptimize) done
Event: 1.630 Executing VM operation: ParallelGCFailedAllocation (Allocation Failure)
Event: 1.635 Executing VM operation: ParallelGCFailedAllocation (Allocation Failure) done
Event: 1.691 Executing VM operation: HandshakeAllThreads (Deoptimize)
Event: 1.691 Executing VM operation: HandshakeAllThreads (Deoptimize) done
Event: 1.695 Executing VM operation: HandshakeAllThreads (Deoptimize)
Event: 1.695 Executing VM operation: HandshakeAllThreads (Deoptimize) done
Event: 1.711 Executing VM operation: HandshakeAllThreads (Deoptimize)
Event: 1.711 Executing VM operation: HandshakeAllThreads (Deoptimize) done
Event: 1.865 Executing VM operation: HandshakeAllThreads (Deoptimize)
Event: 1.865 Executing VM operation: HandshakeAllThreads (Deoptimize) done

Memory protections (0 events):
No events

Nmethod flushes (0 events):
No events

Events (20 events):
Event: 0.044 Thread 0x00000245dda899f0 Thread added: 0x00000245dda1ccf0
Event: 0.044 Thread 0x00000245dda899f0 Thread added: 0x00000245dda208c0
Event: 0.045 Thread 0x00000245dda899f0 Thread added: 0x00000245dda22040
Event: 0.045 Thread 0x00000245dda899f0 Thread added: 0x00000245dda24100
Event: 0.074 Thread 0x00000245dda899f0 Thread added: 0x00000245f5864a90
Event: 0.235 Thread 0x00000245dda22040 Thread added: 0x00000245f5ab2d90
Event: 0.312 Thread 0x00000245dda899f0 Thread added: 0x00000245f5abad10
Event: 0.412 Thread 0x00000245dda24100 Thread added: 0x00000245f67f37c0
Event: 0.975 Thread 0x00000245dda899f0 Thread added: 0x00000245f6e14200
Event: 1.138 Thread 0x00000245dda899f0 Thread added: 0x00000245fb267d50
Event: 1.143 Thread 0x00000245dda899f0 Thread added: 0x00000245fb1d8f90
Event: 1.295 Thread 0x00000245fb1d8f90 Thread added: 0x00000245fb1d2700
Event: 1.320 Thread 0x00000245f67f37c0 Thread exited: 0x00000245f67f37c0
Event: 1.376 Thread 0x00000245dda24100 Thread added: 0x00000245fb29a990
Event: 1.530 Thread 0x00000245fb1d8f90 Thread added: 0x00000245fb312c80
Event: 1.773 Thread 0x00000245fb1d8f90 Thread added: 0x00000245fb4af6a0
Event: 1.879 Thread 0x00000245dda899f0 Thread added: 0x00000245fb0c4a10
Event: 1.900 Thread 0x00000245fb312c80 Thread exited: 0x00000245fb312c80
Event: 1.900 Thread 0x00000245fb4af6a0 Thread exited: 0x00000245fb4af6a0
Event: 1.901 Thread 0x00000245fb1d2700 Thread exited: 0x00000245fb1d2700


Dynamic libraries:
0x00007ff683bf0000 - 0x00007ff683bfe000 	c:\Users\avina\.vscode\extensions\redhat.java-1.47.0-win32-x64\jre\21.0.8-win32-x86_64\bin\java.exe
0x00007ffa5a490000 - 0x00007ffa5a6a7000 	C:\WINDOWS\SYSTEM32\ntdll.dll
0x00007ffa58120000 - 0x00007ffa581e4000 	C:\WINDOWS\System32\KERNEL32.DLL
0x00007ffa57d50000 - 0x00007ffa58120000 	C:\WINDOWS\System32\KERNELBASE.dll
0x00007ffa52980000 - 0x00007ffa52a17000 	C:\WINDOWS\SYSTEM32\apphelp.dll
0x00007ffa57bb0000 - 0x00007ffa57cc1000 	C:\WINDOWS\System32\ucrtbase.dll
0x00007ff9c9030000 - 0x00007ff9c9048000 	c:\Users\avina\.vscode\extensions\redhat.java-1.47.0-win32-x64\jre\21.0.8-win32-x86_64\bin\jli.dll
0x00007ffa58e10000 - 0x00007ffa58fc1000 	C:\WINDOWS\System32\USER32.dll
0x00007ffa57b50000 - 0x00007ffa57b76000 	C:\WINDOWS\System32\win32u.dll
0x00007ffa58bc0000 - 0x00007ffa58be9000 	C:\WINDOWS\System32\GDI32.dll
0x00007ffa57820000 - 0x00007ffa57943000 	C:\WINDOWS\System32\gdi32full.dll
0x00007ffa57780000 - 0x00007ffa5781a000 	C:\WINDOWS\System32\msvcp_win.dll
0x00007ff9c7af0000 - 0x00007ff9c7b0e000 	c:\Users\avina\.vscode\extensions\redhat.java-1.47.0-win32-x64\jre\21.0.8-win32-x86_64\bin\VCRUNTIME140.dll
0x00007ffa47050000 - 0x00007ffa472ec000 	C:\WINDOWS\WinSxS\amd64_microsoft.windows.common-controls_6595b64144ccf1df_6.0.22621.5840_none_2710ea077384a4fe\COMCTL32.dll
0x00007ffa58b10000 - 0x00007ffa58bb7000 	C:\WINDOWS\System32\msvcrt.dll
0x00007ffa58530000 - 0x00007ffa58561000 	C:\WINDOWS\System32\IMM32.DLL
0x00007ffa2dca0000 - 0x00007ffa2dcac000 	c:\Users\avina\.vscode\extensions\redhat.java-1.47.0-win32-x64\jre\21.0.8-win32-x86_64\bin\vcruntime140_1.dll
0x00007ff9b2e00000 - 0x00007ff9b2e8d000 	c:\Users\avina\.vscode\extensions\redhat.java-1.47.0-win32-x64\jre\21.0.8-win32-x86_64\bin\msvcp140.dll
0x00007ff996c00000 - 0x00007ff997997000 	c:\Users\avina\.vscode\extensions\redhat.java-1.47.0-win32-x64\jre\21.0.8-win32-x86_64\bin\server\jvm.dll
0x00007ffa58bf0000 - 0x00007ffa58ca1000 	C:\WINDOWS\System32\ADVAPI32.dll
0x00007ffa5a3a0000 - 0x00007ffa5a448000 	C:\WINDOWS\System32\sechost.dll
0x00007ffa57b80000 - 0x00007ffa57ba8000 	C:\WINDOWS\System32\bcrypt.dll
0x00007ffa59e60000 - 0x00007ffa59f78000 	C:\WINDOWS\System32\RPCRT4.dll
0x00007ffa59530000 - 0x00007ffa595a1000 	C:\WINDOWS\System32\WS2_32.dll
0x00007ffa57460000 - 0x00007ffa574ad000 	C:\WINDOWS\SYSTEM32\POWRPROF.dll
0x00007ffa530a0000 - 0x00007ffa530d4000 	C:\WINDOWS\SYSTEM32\WINMM.dll
0x00007ffa4f2e0000 - 0x00007ffa4f2ea000 	C:\WINDOWS\SYSTEM32\VERSION.dll
0x00007ffa57440000 - 0x00007ffa57453000 	C:\WINDOWS\SYSTEM32\UMPDC.dll
0x00007ffa56480000 - 0x00007ffa56498000 	C:\WINDOWS\SYSTEM32\kernel.appcore.dll
0x00007ffa240c0000 - 0x00007ffa240ca000 	c:\Users\avina\.vscode\extensions\redhat.java-1.47.0-win32-x64\jre\21.0.8-win32-x86_64\bin\jimage.dll
0x00007ffa55040000 - 0x00007ffa55273000 	C:\WINDOWS\SYSTEM32\DBGHELP.DLL
0x00007ffa59fa0000 - 0x00007ffa5a331000 	C:\WINDOWS\System32\combase.dll
0x00007ffa59450000 - 0x00007ffa59528000 	C:\WINDOWS\System32\OLEAUT32.dll
0x00007ffa39ce0000 - 0x00007ffa39d12000 	C:\WINDOWS\SYSTEM32\dbgcore.DLL
0x00007ffa57590000 - 0x00007ffa5760b000 	C:\WINDOWS\System32\bcryptPrimitives.dll
0x00007ffa454f0000 - 0x00007ffa454ff000 	c:\Users\avina\.vscode\extensions\redhat.java-1.47.0-win32-x64\jre\21.0.8-win32-x86_64\bin\instrument.dll
0x00007ff9c7ab0000 - 0x00007ff9c7acf000 	c:\Users\avina\.vscode\extensions\redhat.java-1.47.0-win32-x64\jre\21.0.8-win32-x86_64\bin\java.dll
0x00007ffa595b0000 - 0x00007ffa59e51000 	C:\WINDOWS\System32\SHELL32.dll
0x00007ffa57950000 - 0x00007ffa57a8f000 	C:\WINDOWS\System32\wintypes.dll
0x00007ffa55410000 - 0x00007ffa55d2a000 	C:\WINDOWS\SYSTEM32\windows.storage.dll
0x00007ffa58390000 - 0x00007ffa5849a000 	C:\WINDOWS\System32\SHCORE.dll
0x00007ffa58320000 - 0x00007ffa58389000 	C:\WINDOWS\System32\shlwapi.dll
0x00007ffa574c0000 - 0x00007ffa574e5000 	C:\WINDOWS\SYSTEM32\profapi.dll
0x00007ff9c67e0000 - 0x00007ff9c67f8000 	c:\Users\avina\.vscode\extensions\redhat.java-1.47.0-win32-x64\jre\21.0.8-win32-x86_64\bin\zip.dll
0x00007ffa2e8e0000 - 0x00007ffa2e8f0000 	C:\Users\avina\.vscode\extensions\redhat.java-1.47.0-win32-x64\jre\21.0.8-win32-x86_64\bin\net.dll
0x00007ffa52f70000 - 0x00007ffa5309c000 	C:\WINDOWS\SYSTEM32\WINHTTP.dll
0x00007ffa569e0000 - 0x00007ffa56a49000 	C:\WINDOWS\system32\mswsock.dll
0x00007ff9c6510000 - 0x00007ff9c6526000 	C:\Users\avina\.vscode\extensions\redhat.java-1.47.0-win32-x64\jre\21.0.8-win32-x86_64\bin\nio.dll
0x00007ffa44d70000 - 0x00007ffa44d80000 	c:\Users\avina\.vscode\extensions\redhat.java-1.47.0-win32-x64\jre\21.0.8-win32-x86_64\bin\verify.dll
0x00007ffa07bf0000 - 0x00007ffa07c34000 	C:\Users\avina\AppData\Roaming\Code\User\globalStorage\redhat.java\1.47.0\config_ss_win\org.eclipse.equinox.launcher\org.eclipse.equinox.launcher.win32.win32.x86_64_1.2.1400.v20250801-0854\eclipse_11916.dll
0x00007ffa586a0000 - 0x00007ffa58840000 	C:\WINDOWS\System32\ole32.dll

JVMTI agents:
c:\Users\avina\.vscode\extensions\redhat.java-1.47.0-win32-x64\lombok\lombok-1.18.39-4050.jar path:c:\Users\avina\.vscode\extensions\redhat.java-1.47.0-win32-x64\jre\21.0.8-win32-x86_64\bin\instrument.dll, loaded, initialized, instrumentlib options:none

dbghelp: loaded successfully - version: 4.0.5 - missing functions: none
symbol engine: initialized successfully - sym options: 0x614 - pdb path: .;c:\Users\avina\.vscode\extensions\redhat.java-1.47.0-win32-x64\jre\21.0.8-win32-x86_64\bin;C:\WINDOWS\SYSTEM32;C:\WINDOWS\WinSxS\amd64_microsoft.windows.common-controls_6595b64144ccf1df_6.0.22621.5840_none_2710ea077384a4fe;c:\Users\avina\.vscode\extensions\redhat.java-1.47.0-win32-x64\jre\21.0.8-win32-x86_64\bin\server;C:\Users\avina\AppData\Roaming\Code\User\globalStorage\redhat.java\1.47.0\config_ss_win\org.eclipse.equinox.launcher\org.eclipse.equinox.launcher.win32.win32.x86_64_1.2.1400.v20250801-0854

VM Arguments:
jvm_args: --add-modules=ALL-SYSTEM --add-opens=java.base/java.util=ALL-UNNAMED --add-opens=java.base/java.lang=ALL-UNNAMED --add-opens=java.base/sun.nio.fs=ALL-UNNAMED -Declipse.application=org.eclipse.jdt.ls.core.id1 -Dosgi.bundles.defaultStartLevel=4 -Declipse.product=org.eclipse.jdt.ls.core.product -Djava.import.generatesMetadataFilesAtProjectRoot=false -DDetectVMInstallationsJob.disabled=true -Dfile.encoding=utf8 -XX:+UseParallelGC -XX:GCTimeRatio=4 -XX:AdaptiveSizePolicyWeight=90 -Dsun.zip.disableMemoryMapping=true -Xmx2G -Xms100m -Xlog:disable -javaagent:c:\Users\avina\.vscode\extensions\redhat.java-1.47.0-win32-x64\lombok\lombok-1.18.39-4050.jar 
java_command: c:\Users\avina\.vscode\extensions\redhat.java-1.47.0-win32-x64\server\plugins\org.eclipse.equinox.launcher_1.7.100.v20251014-1222.jar -configuration c:\Users\avina\AppData\Roaming\Code\User\globalStorage\redhat.java\1.47.0\config_ss_win -data c:\Users\avina\AppData\Roaming\Code\User\workspaceStorage\f50f5c168c9ae6a1fae6612f1f3b35d5\redhat.java\ss_ws --pipe=\\.\pipe\lsp-3d91ce0bee2a68c29254484c3cd54aa2-sock
java_class_path (initial): c:\Users\avina\.vscode\extensions\redhat.java-1.47.0-win32-x64\server\plugins\org.eclipse.equinox.launcher_1.7.100.v20251014-1222.jar
Launcher Type: SUN_STANDARD

[Global flags]
    uintx AdaptiveSizePolicyWeight                 = 90                                        {product} {command line}
     intx CICompilerCount                          = 4                                         {product} {ergonomic}
    uintx GCTimeRatio                              = 4                                         {product} {command line}
   size_t InitialHeapSize                          = 104857600                                 {product} {command line}
   size_t MaxHeapSize                              = 2147483648                                {product} {command line}
   size_t MaxNewSize                               = 715653120                                 {product} {ergonomic}
   size_t MinHeapDeltaBytes                        = 524288                                    {product} {ergonomic}
   size_t MinHeapSize                              = 104857600                                 {product} {command line}
   size_t NewSize                                  = 34603008                                  {product} {ergonomic}
    uintx NonNMethodCodeHeapSize                   = 5839372                                {pd product} {ergonomic}
    uintx NonProfiledCodeHeapSize                  = 122909434                              {pd product} {ergonomic}
   size_t OldSize                                  = 70254592                                  {product} {ergonomic}
    uintx ProfiledCodeHeapSize                     = 122909434                              {pd product} {ergonomic}
    uintx ReservedCodeCacheSize                    = 251658240                              {pd product} {ergonomic}
     bool SegmentedCodeCache                       = true                                      {product} {ergonomic}
   size_t SoftMaxHeapSize                          = 2147483648                             {manageable} {ergonomic}
     bool UseCompressedOops                        = true                           {product lp64_product} {ergonomic}
     bool UseLargePagesIndividualAllocation        = false                                  {pd product} {ergonomic}
     bool UseParallelGC                            = true                                      {product} {command line}

Logging:
Log output configuration:
 #0: stdout all=off uptime,level,tags foldmultilines=false
 #1: stderr all=off uptime,level,tags foldmultilines=false

Environment Variables:
PATH=C:\Program Files\Common Files\Oracle\Java\javapath;C:\Program Files\Python313\Scripts\;C:\Program Files\Python313\;C:\Windows\system32;C:\Windows;C:\Windows\System32\Wbem;C:\Windows\System32\WindowsPowerShell\v1.0\;C:\Windows\System32\OpenSSH\;C:\Program Files (x86)\NVIDIA Corporation\PhysX\Common;C:\Program Files\NVIDIA Corporation\NVIDIA NvDLISR;C:\WINDOWS\system32;C:\WINDOWS;C:\WINDOWS\System32\Wbem;C:\WINDOWS\System32\WindowsPowerShell\v1.0\;C:\WINDOWS\System32\OpenSSH\;C:\TDM-GCC-64\bin;C:\Program Files\Git\cmd;C:\Program Files\Git\mingw64\bin;C:\Program Files\Git\usr\bin;C:\Program Files\Java\jdk-23.0.1\bin;C:\Program Files\nodejs\;C:\Program Files\nodejs;D:\flutter-sdk\flutter\bin;D:\flutter\bin;C:\Program Files\MySQL\MySQL Shell 8.0\bin\;C:\Users\avina\AppData\Local\Microsoft\WindowsApps;C:\Users\avina\AppData\Local\Programs\Microsoft VS Code\bin;C:\Users\avina\AppData\Local\GitHubDesktop\bin;C:\MinGW\bin;C:\Users\avina\AppData\Roaming\npm;C:\Users\avina\AppData\Local\Programs\cursor\resources\app\bin
USERNAME=avina
OS=Windows_NT
PROCESSOR_IDENTIFIER=AMD64 Family 25 Model 80 Stepping 0, AuthenticAMD
TMP=C:\Users\avina\AppData\Local\Temp
TEMP=C:\Users\avina\AppData\Local\Temp




Periodic native trim disabled

---------------  S Y S T E M  ---------------

OS:
 Windows 11 , 64 bit Build 22621 (10.0.22621.5415)
OS uptime: 4 days 19:27 hours
Hyper-V role detected

CPU: total 12 (initial active 12) (12 cores per cpu, 2 threads per core) family 25 model 80 stepping 0 microcode 0x0, cx8, cmov, fxsr, ht, mmx, 3dnowpref, sse, sse2, sse3, ssse3, sse4a, sse4.1, sse4.2, popcnt, lzcnt, tsc, tscinvbit, avx, avx2, aes, erms, clmul, bmi1, bmi2, adx, sha, fma, vzeroupper, clflush, clflushopt, hv, rdtscp, rdpid, fsrm, f16c, cet_ss
Processor Information for processor 0
  Max Mhz: 3301, Current Mhz: 3301, Mhz Limit: 3301
Processor Information for processor 1
  Max Mhz: 3301, Current Mhz: 3301, Mhz Limit: 3301
Processor Information for processor 2
  Max Mhz: 3301, Current Mhz: 2630, Mhz Limit: 3301
Processor Information for processor 3
  Max Mhz: 3301, Current Mhz: 3301, Mhz Limit: 3301
Processor Information for processor 4
  Max Mhz: 3301, Current Mhz: 2630, Mhz Limit: 3301
Processor Information for processor 5
  Max Mhz: 3301, Current Mhz: 3301, Mhz Limit: 3301
Processor Information for processor 6
  Max Mhz: 3301, Current Mhz: 3301, Mhz Limit: 3301
Processor Information for processor 7
  Max Mhz: 3301, Current Mhz: 3301, Mhz Limit: 3301
Processor Information for processor 8
  Max Mhz: 3301, Current Mhz: 3301, Mhz Limit: 3301
Processor Information for processor 9
  Max Mhz: 3301, Current Mhz: 3301, Mhz Limit: 3301
Processor Information for processor 10
  Max Mhz: 3301, Current Mhz: 3301, Mhz Limit: 3301
Processor Information for processor 11
  Max Mhz: 3301, Current Mhz: 3301, Mhz Limit: 3301

Memory: 4k page, system-wide physical 15724M (1119M free)
TotalPageFile size 41990M (AvailPageFile size 107M)
current process WorkingSet (physical memory assigned to process): 113M, peak: 113M
current process commit charge ("private bytes"): 261M, peak: 262M

vm_info: OpenJDK 64-Bit Server VM (21.0.8+9-LTS) for windows-amd64 JRE (21.0.8+9-LTS), built on 2025-07-15T00:00:00Z by "admin" with MS VC++ 17.7 (VS2022)

END.
